Using pre-set license
Built from '2020.3/staging' branch; Version is '2020.3.9f1 (108be757e447) revision 1084391'; Using compiler version '192528614'; Build Type 'Release'
OS: 'Windows 10 Home Single Language; OS build 22000.376; Version 2009; 64bit' Language: 'en' Physical Memory: 32574 MB
BatchMode: 1, IsHumanControllingUs: 0, StartBugReporterOnCrash: 0, Is64bit: 1, IsPro: 0

 COMMAND LINE ARGUMENTS:
C:\Program Files\Unity\Hub\Editor\2020.3.9f1\Editor\Unity.exe
-adb2
-batchMode
-noUpm
-name
AssetImportWorker0
-projectPath
F:/Game Dev/Unity Projects/Interactive FPS
-logFile
Logs/AssetImportWorker0.log
-srvPort
5092
Successfully changed project path to: F:/Game Dev/Unity Projects/Interactive FPS
F:/Game Dev/Unity Projects/Interactive FPS
Using Asset Import Pipeline V2.
Refreshing native plugins compatible for Editor in 23.44 ms, found 0 plugins.
Preloading 0 native plugins for Editor in 0.00 ms.
Initialize engine version: 2020.3.9f1 (108be757e447)
[Subsystems] Discovering subsystems at path C:/Program Files/Unity/Hub/Editor/2020.3.9f1/Editor/Data/Resources/UnitySubsystems
[Subsystems] Discovering subsystems at path F:/Game Dev/Unity Projects/Interactive FPS/Assets
GfxDevice: creating device client; threaded=0
Direct3D:
    Version:  Direct3D 11.0 [level 11.1]
    Renderer: NVIDIA GeForce RTX 2060 (ID=0x1f11)
    Vendor:   
    VRAM:     5980 MB
    Driver:   30.0.14.9729
Initialize mono
Mono path[0] = 'C:/Program Files/Unity/Hub/Editor/2020.3.9f1/Editor/Data/Managed'
Mono path[1] = 'C:/Program Files/Unity/Hub/Editor/2020.3.9f1/Editor/Data/MonoBleedingEdge/lib/mono/unityjit'
Mono config path = 'C:/Program Files/Unity/Hub/Editor/2020.3.9f1/Editor/Data/MonoBleedingEdge/etc'
Using monoOptions --debugger-agent=transport=dt_socket,embedding=1,server=y,suspend=n,address=127.0.0.1:56340
Begin MonoManager ReloadAssembly
Registering precompiled unity dll's ...
Register platform support module: C:/Program Files/Unity/Hub/Editor/2020.3.9f1/Editor/Data/PlaybackEngines/WebGLSupport/UnityEditor.WebGL.Extensions.dll
Register platform support module: C:/Program Files/Unity/Hub/Editor/2020.3.9f1/Editor/Data/PlaybackEngines/WindowsStandaloneSupport/UnityEditor.WindowsStandalone.Extensions.dll
Registered in 0.001855 seconds.
Native extension for WindowsStandalone target not found
Native extension for WebGL target not found
Refreshing native plugins compatible for Editor in 23.20 ms, found 0 plugins.
Preloading 0 native plugins for Editor in 0.00 ms.
Mono: successfully reloaded assembly
- Completed reload, in  2.359 seconds
Platform modules already initialized, skipping
Registering precompiled user dll's ...
Registered in 0.000708 seconds.
Begin MonoManager ReloadAssembly
Native extension for WindowsStandalone target not found
Native extension for WebGL target not found
Refreshing native plugins compatible for Editor in 0.21 ms, found 0 plugins.
Preloading 0 native plugins for Editor in 0.00 ms.
Mono: successfully reloaded assembly
- Completed reload, in  1.005 seconds
Platform modules already initialized, skipping
========================================================================
Worker process is ready to serve import requests
Launched and connected shader compiler UnityShaderCompiler.exe after 0.15 seconds
Refreshing native plugins compatible for Editor in 0.28 ms, found 0 plugins.
Preloading 0 native plugins for Editor in 0.00 ms.
Unloading 1121 Unused Serialized files (Serialized files now loaded: 0)
System memory in use before: 79.0 MB.
System memory in use after: 79.1 MB.

Unloading 8 unused Assets to reduce memory usage. Loaded Objects now: 1597.
Total: 2.193500 ms (FindLiveObjects: 0.405300 ms CreateObjectMapping: 0.065500 ms MarkObjects: 1.703000 ms  DeleteObjects: 0.018700 ms)

========================================================================
Received Import Request.
  path: Assets/Material/Floor_Texture.jpg
  artifactKey: Guid(ad062f37ee4076e4ca3ac7723ddfe325) Importer(815301076,1909f56bfc062723c751e8b465ee728b)
Start importing Assets/Material/Floor_Texture.jpg using Guid(ad062f37ee4076e4ca3ac7723ddfe325) Importer(815301076,1909f56bfc062723c751e8b465ee728b)  -> (artifact id: '59cb638aa6bbddf5a4aa6454d439ad8e') in 0.088479 seconds
  Import took 0.090910 seconds .

========================================================================
Received Import Request.
  Time since last request: 28.747971 seconds.
  path: Assets/Material/Floor_Texture.jpg
  artifactKey: Guid(ad062f37ee4076e4ca3ac7723ddfe325) Importer(815301076,1909f56bfc062723c751e8b465ee728b)
Start importing Assets/Material/Floor_Texture.jpg using Guid(ad062f37ee4076e4ca3ac7723ddfe325) Importer(815301076,1909f56bfc062723c751e8b465ee728b)  -> (artifact id: '3b550e64228762d6b6585d0081c20911') in 0.069299 seconds
  Import took 0.072616 seconds .

========================================================================
Received Import Request.
  Time since last request: 7.849622 seconds.
  path: Assets/Material/Floor_Texture.jpg
  artifactKey: Guid(ad062f37ee4076e4ca3ac7723ddfe325) Importer(815301076,1909f56bfc062723c751e8b465ee728b)
Start importing Assets/Material/Floor_Texture.jpg using Guid(ad062f37ee4076e4ca3ac7723ddfe325) Importer(815301076,1909f56bfc062723c751e8b465ee728b)  -> (artifact id: '86ae590e415c47942edf8e7961f7c83c') in 0.010009 seconds
  Import took 0.012093 seconds .

========================================================================
Received Prepare
Registering precompiled user dll's ...
Registered in 0.000980 seconds.
Begin MonoManager ReloadAssembly
Native extension for WindowsStandalone target not found
Native extension for WebGL target not found
Refreshing native plugins compatible for Editor in 0.21 ms, found 0 plugins.
Preloading 0 native plugins for Editor in 0.00 ms.
Mono: successfully reloaded assembly
- Completed reload, in  0.731 seconds
Platform modules already initialized, skipping
Refreshing native plugins compatible for Editor in 0.19 ms, found 0 plugins.
Preloading 0 native plugins for Editor in 0.00 ms.
Unloading 1116 Unused Serialized files (Serialized files now loaded: 0)
System memory in use before: 82.2 MB.
System memory in use after: 82.3 MB.

Unloading 4 unused Assets to reduce memory usage. Loaded Objects now: 1613.
Total: 1.864000 ms (FindLiveObjects: 0.160500 ms CreateObjectMapping: 0.037500 ms MarkObjects: 1.650800 ms  DeleteObjects: 0.014000 ms)

========================================================================
Received Import Request.
  Time since last request: 67.676373 seconds.
  path: Assets/Material
  artifactKey: Guid(33ef7a03a3ca3a7479809228d1e109ed) Importer(815301076,1909f56bfc062723c751e8b465ee728b)
Start importing Assets/Material using Guid(33ef7a03a3ca3a7479809228d1e109ed) Importer(815301076,1909f56bfc062723c751e8b465ee728b)  -> (artifact id: '3b434915c3cf53a45b6d8dd85c76f718') in 0.002766 seconds
  Import took 0.004510 seconds .

========================================================================
Received Import Request.
  Time since last request: 0.002364 seconds.
  path: Assets/Material
  artifactKey: Guid(33ef7a03a3ca3a7479809228d1e109ed) Importer(815301076,1909f56bfc062723c751e8b465ee728b)
Start importing Assets/Material using Guid(33ef7a03a3ca3a7479809228d1e109ed) Importer(815301076,1909f56bfc062723c751e8b465ee728b)  -> (artifact id: '3b434915c3cf53a45b6d8dd85c76f718') in 0.001641 seconds
  Import took 0.003529 seconds .

========================================================================
Received Prepare
Registering precompiled user dll's ...
Registered in 0.000575 seconds.
Begin MonoManager ReloadAssembly
Native extension for WindowsStandalone target not found
Native extension for WebGL target not found
Refreshing native plugins compatible for Editor in 0.18 ms, found 0 plugins.
Preloading 0 native plugins for Editor in 0.00 ms.
Mono: successfully reloaded assembly
- Completed reload, in  0.690 seconds
Platform modules already initialized, skipping
Refreshing native plugins compatible for Editor in 0.22 ms, found 0 plugins.
Preloading 0 native plugins for Editor in 0.00 ms.
Unloading 1116 Unused Serialized files (Serialized files now loaded: 0)
System memory in use before: 82.2 MB.
System memory in use after: 82.3 MB.

Unloading 4 unused Assets to reduce memory usage. Loaded Objects now: 1616.
Total: 1.710300 ms (FindLiveObjects: 0.120300 ms CreateObjectMapping: 0.027900 ms MarkObjects: 1.549200 ms  DeleteObjects: 0.012200 ms)

========================================================================
Received Import Request.
  Time since last request: 400.184663 seconds.
  path: Assets/Material/Materials/Floor_Texture.mat
  artifactKey: Guid(df0f44e213d1a7546b8959b882b0427e) Importer(815301076,1909f56bfc062723c751e8b465ee728b)
Start importing Assets/Material/Materials/Floor_Texture.mat using Guid(df0f44e213d1a7546b8959b882b0427e) Importer(815301076,1909f56bfc062723c751e8b465ee728b) Error assigning 3D texture to 2D texture property '_MainTex': Dimensions must match
UnityEngine.StackTraceUtility:ExtractStackTrace ()
UnityEditor.PreviewRenderUtility:Render (bool,bool)
UnityEditor.MaterialEditor:DoRenderPreview (UnityEditor.PreviewRenderUtility,bool)
UnityEditor.MaterialEditor:RenderStaticPreview (string,UnityEngine.Object[],int,int)
UnityEditor.AssetPreviewUpdater:CreatePreviewForAsset (UnityEngine.Object,UnityEngine.Object[],string)

[C:\buildslave\unity\build\Runtime/Shaders/ShaderImpl/ShaderTextureProperty.h line 41]

 -> (artifact id: '8a000b6552f9b5e919a63ad43a67a131') in 0.080166 seconds
  Import took 0.083606 seconds .

========================================================================
Received Prepare
Registering precompiled user dll's ...
Registered in 0.000400 seconds.
Begin MonoManager ReloadAssembly
Native extension for WindowsStandalone target not found
Native extension for WebGL target not found
Refreshing native plugins compatible for Editor in 0.20 ms, found 0 plugins.
Preloading 0 native plugins for Editor in 0.00 ms.
Mono: successfully reloaded assembly
- Completed reload, in  0.732 seconds
Platform modules already initialized, skipping
Refreshing native plugins compatible for Editor in 0.20 ms, found 0 plugins.
Preloading 0 native plugins for Editor in 0.00 ms.
Unloading 1116 Unused Serialized files (Serialized files now loaded: 0)
System memory in use before: 82.6 MB.
System memory in use after: 82.7 MB.

Unloading 4 unused Assets to reduce memory usage. Loaded Objects now: 1653.
Total: 1.506200 ms (FindLiveObjects: 0.117500 ms CreateObjectMapping: 0.026600 ms MarkObjects: 1.344500 ms  DeleteObjects: 0.016600 ms)

========================================================================
Received Prepare
Registering precompiled user dll's ...
Registered in 0.000919 seconds.
Begin MonoManager ReloadAssembly
Native extension for WindowsStandalone target not found
Native extension for WebGL target not found
Refreshing native plugins compatible for Editor in 0.18 ms, found 0 plugins.
Preloading 0 native plugins for Editor in 0.00 ms.
Mono: successfully reloaded assembly
- Completed reload, in  0.706 seconds
Platform modules already initialized, skipping
Refreshing native plugins compatible for Editor in 0.22 ms, found 0 plugins.
Preloading 0 native plugins for Editor in 0.00 ms.
Unloading 1116 Unused Serialized files (Serialized files now loaded: 0)
System memory in use before: 82.6 MB.
System memory in use after: 82.7 MB.

Unloading 4 unused Assets to reduce memory usage. Loaded Objects now: 1656.
Total: 1.674100 ms (FindLiveObjects: 0.110400 ms CreateObjectMapping: 0.029100 ms MarkObjects: 1.521200 ms  DeleteObjects: 0.012300 ms)

========================================================================
Received Prepare
Registering precompiled user dll's ...
Registered in 0.000501 seconds.
Begin MonoManager ReloadAssembly
Native extension for WindowsStandalone target not found
Native extension for WebGL target not found
Refreshing native plugins compatible for Editor in 0.20 ms, found 0 plugins.
Preloading 0 native plugins for Editor in 0.00 ms.
Mono: successfully reloaded assembly
- Completed reload, in  0.844 seconds
Platform modules already initialized, skipping
Refreshing native plugins compatible for Editor in 0.19 ms, found 0 plugins.
Preloading 0 native plugins for Editor in 0.00 ms.
Unloading 1116 Unused Serialized files (Serialized files now loaded: 0)
System memory in use before: 82.6 MB.
System memory in use after: 82.7 MB.

Unloading 4 unused Assets to reduce memory usage. Loaded Objects now: 1659.
Total: 1.679700 ms (FindLiveObjects: 0.157300 ms CreateObjectMapping: 0.037000 ms MarkObjects: 1.461300 ms  DeleteObjects: 0.012200 ms)

========================================================================
Received Prepare
Registering precompiled user dll's ...
Registered in 0.000522 seconds.
Begin MonoManager ReloadAssembly
Native extension for WindowsStandalone target not found
Native extension for WebGL target not found
Refreshing native plugins compatible for Editor in 0.18 ms, found 0 plugins.
Preloading 0 native plugins for Editor in 0.00 ms.
Mono: successfully reloaded assembly
- Completed reload, in  0.724 seconds
Platform modules already initialized, skipping
Refreshing native plugins compatible for Editor in 0.23 ms, found 0 plugins.
Preloading 0 native plugins for Editor in 0.00 ms.
Unloading 1116 Unused Serialized files (Serialized files now loaded: 0)
System memory in use before: 82.6 MB.
System memory in use after: 82.7 MB.

Unloading 4 unused Assets to reduce memory usage. Loaded Objects now: 1662.
Total: 1.697300 ms (FindLiveObjects: 0.126500 ms CreateObjectMapping: 0.027900 ms MarkObjects: 1.529100 ms  DeleteObjects: 0.013100 ms)

========================================================================
Received Import Request.
  Time since last request: 331.362539 seconds.
  path: Assets/Animation/beepsignal.anim
  artifactKey: Guid(6cdbe389e51f1024090a420010fae2eb) Importer(815301076,1909f56bfc062723c751e8b465ee728b)
Start importing Assets/Animation/beepsignal.anim using Guid(6cdbe389e51f1024090a420010fae2eb) Importer(815301076,1909f56bfc062723c751e8b465ee728b)  -> (artifact id: '562a93ef0e054b2c802c10d858289be6') in 0.024494 seconds
  Import took 0.027420 seconds .

========================================================================
Received Import Request.
  Time since last request: 0.003367 seconds.
  path: Assets/Animation/beepsignal.anim
  artifactKey: Guid(6cdbe389e51f1024090a420010fae2eb) Importer(815301076,1909f56bfc062723c751e8b465ee728b)
Start importing Assets/Animation/beepsignal.anim using Guid(6cdbe389e51f1024090a420010fae2eb) Importer(815301076,1909f56bfc062723c751e8b465ee728b)  -> (artifact id: '562a93ef0e054b2c802c10d858289be6') in 0.002197 seconds
  Import took 0.004128 seconds .

========================================================================
Received Import Request.
  Time since last request: 0.530922 seconds.
  path: Assets/Animation/crosshair.anim
  artifactKey: Guid(a098d5b707e00dc48a2c9f91f77661fa) Importer(815301076,1909f56bfc062723c751e8b465ee728b)
Start importing Assets/Animation/crosshair.anim using Guid(a098d5b707e00dc48a2c9f91f77661fa) Importer(815301076,1909f56bfc062723c751e8b465ee728b)  -> (artifact id: 'd56600e12992da484082ca62d14a2c3c') in 0.002400 seconds
  Import took 0.004706 seconds .

========================================================================
Received Import Request.
  Time since last request: 0.422763 seconds.
  path: Assets/Animation/Crosshair.controller
  artifactKey: Guid(b496b7b8be0cbd148b5830b5380bc394) Importer(815301076,1909f56bfc062723c751e8b465ee728b)
Start importing Assets/Animation/Crosshair.controller using Guid(b496b7b8be0cbd148b5830b5380bc394) Importer(815301076,1909f56bfc062723c751e8b465ee728b)  -> (artifact id: '9a111b3cc894f3174e7e200c82e7268f') in 0.011330 seconds
  Import took 0.015417 seconds .

========================================================================
Received Import Request.
  Time since last request: 0.407376 seconds.
  path: Assets/Animation/locaternear.controller
  artifactKey: Guid(6a4119ad3ee92ff4c850ccab0e921810) Importer(815301076,1909f56bfc062723c751e8b465ee728b)
Start importing Assets/Animation/locaternear.controller using Guid(6a4119ad3ee92ff4c850ccab0e921810) Importer(815301076,1909f56bfc062723c751e8b465ee728b)  -> (artifact id: '2c435f98b20f12f78469d71090002627') in 0.002308 seconds
  Import took 0.004533 seconds .

========================================================================
Received Import Request.
  Time since last request: 0.000770 seconds.
  path: Assets/Animation/locaternear.controller
  artifactKey: Guid(6a4119ad3ee92ff4c850ccab0e921810) Importer(815301076,1909f56bfc062723c751e8b465ee728b)
Start importing Assets/Animation/locaternear.controller using Guid(6a4119ad3ee92ff4c850ccab0e921810) Importer(815301076,1909f56bfc062723c751e8b465ee728b)  -> (artifact id: '2c435f98b20f12f78469d71090002627') in 0.002358 seconds
  Import took 0.004187 seconds .

========================================================================
Received Prepare
Registering precompiled user dll's ...
Registered in 0.000870 seconds.
Begin MonoManager ReloadAssembly
Native extension for WindowsStandalone target not found
Native extension for WebGL target not found
Refreshing native plugins compatible for Editor in 0.19 ms, found 0 plugins.
Preloading 0 native plugins for Editor in 0.00 ms.
Mono: successfully reloaded assembly
- Completed reload, in  0.741 seconds
Platform modules already initialized, skipping
Refreshing native plugins compatible for Editor in 0.25 ms, found 0 plugins.
Preloading 0 native plugins for Editor in 0.00 ms.
Unloading 1116 Unused Serialized files (Serialized files now loaded: 0)
System memory in use before: 82.6 MB.
System memory in use after: 82.7 MB.

Unloading 4 unused Assets to reduce memory usage. Loaded Objects now: 1665.
Total: 1.754900 ms (FindLiveObjects: 0.128500 ms CreateObjectMapping: 0.027900 ms MarkObjects: 1.585200 ms  DeleteObjects: 0.012600 ms)

========================================================================
Received Import Request.
  Time since last request: 132.215663 seconds.
  path: Assets/Material/Materials
  artifactKey: Guid(382c187c76838e64683893892ddc790d) Importer(815301076,1909f56bfc062723c751e8b465ee728b)
Start importing Assets/Material/Materials using Guid(382c187c76838e64683893892ddc790d) Importer(815301076,1909f56bfc062723c751e8b465ee728b)  -> (artifact id: '1b208aa8be5ad5586bd0f3f96bf55bd6') in 0.004857 seconds
  Import took 0.010445 seconds .

========================================================================
Received Prepare
Registering precompiled user dll's ...
Registered in 0.000791 seconds.
Begin MonoManager ReloadAssembly
Native extension for WindowsStandalone target not found
Native extension for WebGL target not found
Refreshing native plugins compatible for Editor in 0.26 ms, found 0 plugins.
Preloading 0 native plugins for Editor in 0.00 ms.
Mono: successfully reloaded assembly
- Completed reload, in  1.109 seconds
Platform modules already initialized, skipping
Refreshing native plugins compatible for Editor in 0.22 ms, found 0 plugins.
Preloading 0 native plugins for Editor in 0.00 ms.
Unloading 1116 Unused Serialized files (Serialized files now loaded: 0)
System memory in use before: 82.6 MB.
System memory in use after: 82.7 MB.

Unloading 4 unused Assets to reduce memory usage. Loaded Objects now: 1668.
Total: 2.326100 ms (FindLiveObjects: 0.169500 ms CreateObjectMapping: 0.038300 ms MarkObjects: 2.074000 ms  DeleteObjects: 0.042900 ms)

========================================================================
Received Prepare
Registering precompiled user dll's ...
Registered in 0.000492 seconds.
Begin MonoManager ReloadAssembly
Native extension for WindowsStandalone target not found
Native extension for WebGL target not found
Refreshing native plugins compatible for Editor in 0.23 ms, found 0 plugins.
Preloading 0 native plugins for Editor in 0.00 ms.
Mono: successfully reloaded assembly
- Completed reload, in  0.770 seconds
Platform modules already initialized, skipping
Refreshing native plugins compatible for Editor in 0.18 ms, found 0 plugins.
Preloading 0 native plugins for Editor in 0.00 ms.
Unloading 1116 Unused Serialized files (Serialized files now loaded: 0)
System memory in use before: 82.6 MB.
System memory in use after: 82.7 MB.

Unloading 4 unused Assets to reduce memory usage. Loaded Objects now: 1671.
Total: 1.571400 ms (FindLiveObjects: 0.127900 ms CreateObjectMapping: 0.028300 ms MarkObjects: 1.388600 ms  DeleteObjects: 0.025600 ms)

========================================================================
Received Prepare
Registering precompiled user dll's ...
Registered in 0.000450 seconds.
Begin MonoManager ReloadAssembly
Native extension for WindowsStandalone target not found
Native extension for WebGL target not found
Refreshing native plugins compatible for Editor in 0.22 ms, found 0 plugins.
Preloading 0 native plugins for Editor in 0.00 ms.
Mono: successfully reloaded assembly
- Completed reload, in  0.759 seconds
Platform modules already initialized, skipping
Refreshing native plugins compatible for Editor in 0.19 ms, found 0 plugins.
Preloading 0 native plugins for Editor in 0.00 ms.
Unloading 1116 Unused Serialized files (Serialized files now loaded: 0)
System memory in use before: 82.6 MB.
System memory in use after: 82.7 MB.

Unloading 4 unused Assets to reduce memory usage. Loaded Objects now: 1674.
Total: 1.758600 ms (FindLiveObjects: 0.133300 ms CreateObjectMapping: 0.028400 ms MarkObjects: 1.583400 ms  DeleteObjects: 0.012700 ms)

========================================================================
Received Import Request.
  Time since last request: 2325.588195 seconds.
  path: Assets/Animation/Sphere 1.controller
  artifactKey: Guid(a4b73ee8604bd064a93a2efae99f7c2c) Importer(815301076,1909f56bfc062723c751e8b465ee728b)
Start importing Assets/Animation/Sphere 1.controller using Guid(a4b73ee8604bd064a93a2efae99f7c2c) Importer(815301076,1909f56bfc062723c751e8b465ee728b)  -> (artifact id: '4d3f7a8f04bcde8603912360b34b3e8d') in 0.017608 seconds
  Import took 0.020539 seconds .

========================================================================
Received Import Request.
  Time since last request: 0.469472 seconds.
  path: Assets/Animation/Sphere 2.controller
  artifactKey: Guid(131a96a0dc5d1724db3885cf4f75ed29) Importer(815301076,1909f56bfc062723c751e8b465ee728b)
Start importing Assets/Animation/Sphere 2.controller using Guid(131a96a0dc5d1724db3885cf4f75ed29) Importer(815301076,1909f56bfc062723c751e8b465ee728b)  -> (artifact id: '3980dad03eeb72cd5622d5e21a6c7c8b') in 0.002406 seconds
  Import took 0.004561 seconds .

========================================================================
Received Import Request.
  Time since last request: 0.000624 seconds.
  path: Assets/Animation/Sphere 2.controller
  artifactKey: Guid(131a96a0dc5d1724db3885cf4f75ed29) Importer(815301076,1909f56bfc062723c751e8b465ee728b)
Start importing Assets/Animation/Sphere 2.controller using Guid(131a96a0dc5d1724db3885cf4f75ed29) Importer(815301076,1909f56bfc062723c751e8b465ee728b)  -> (artifact id: '3980dad03eeb72cd5622d5e21a6c7c8b') in 0.002883 seconds
  Import took 0.005821 seconds .

========================================================================
Received Import Request.
  Time since last request: 0.437643 seconds.
  path: Assets/Animation/Sphere 3.controller
  artifactKey: Guid(0c732ad9a6eff5c4baae1b682c56dff1) Importer(815301076,1909f56bfc062723c751e8b465ee728b)
Start importing Assets/Animation/Sphere 3.controller using Guid(0c732ad9a6eff5c4baae1b682c56dff1) Importer(815301076,1909f56bfc062723c751e8b465ee728b)  -> (artifact id: 'cfc6b3d217269afb5d259914bdeae72d') in 0.002150 seconds
  Import took 0.003941 seconds .

========================================================================
Received Import Request.
  Time since last request: 0.000845 seconds.
  path: Assets/Animation/Sphere 3.controller
  artifactKey: Guid(0c732ad9a6eff5c4baae1b682c56dff1) Importer(815301076,1909f56bfc062723c751e8b465ee728b)
Start importing Assets/Animation/Sphere 3.controller using Guid(0c732ad9a6eff5c4baae1b682c56dff1) Importer(815301076,1909f56bfc062723c751e8b465ee728b)  -> (artifact id: 'cfc6b3d217269afb5d259914bdeae72d') in 0.003159 seconds
  Import took 0.005382 seconds .

========================================================================
Received Import Request.
  Time since last request: 0.409830 seconds.
  path: Assets/Animation/Sphere.controller
  artifactKey: Guid(364252f084e2eac47ad1cbc62749254a) Importer(815301076,1909f56bfc062723c751e8b465ee728b)
Start importing Assets/Animation/Sphere.controller using Guid(364252f084e2eac47ad1cbc62749254a) Importer(815301076,1909f56bfc062723c751e8b465ee728b)  -> (artifact id: '67f697571673d9b1273fd3dbd5f2bb2c') in 0.002512 seconds
  Import took 0.004615 seconds .

========================================================================
Received Prepare
Registering precompiled user dll's ...
Registered in 0.000550 seconds.
Begin MonoManager ReloadAssembly
Native extension for WindowsStandalone target not found
Native extension for WebGL target not found
Refreshing native plugins compatible for Editor in 0.19 ms, found 0 plugins.
Preloading 0 native plugins for Editor in 0.00 ms.
Mono: successfully reloaded assembly
- Completed reload, in  0.685 seconds
Platform modules already initialized, skipping
Refreshing native plugins compatible for Editor in 0.20 ms, found 0 plugins.
Preloading 0 native plugins for Editor in 0.00 ms.
Unloading 1116 Unused Serialized files (Serialized files now loaded: 0)
System memory in use before: 82.6 MB.
System memory in use after: 82.7 MB.

Unloading 4 unused Assets to reduce memory usage. Loaded Objects now: 1677.
Total: 1.549800 ms (FindLiveObjects: 0.126400 ms CreateObjectMapping: 0.027200 ms MarkObjects: 1.382700 ms  DeleteObjects: 0.012500 ms)

========================================================================
Received Import Request.
  Time since last request: 839.589098 seconds.
  path: Assets/Animation/crosshair_idle.anim
  artifactKey: Guid(44d8e387f85fde54fa089e214b1da9e9) Importer(815301076,1909f56bfc062723c751e8b465ee728b)
Start importing Assets/Animation/crosshair_idle.anim using Guid(44d8e387f85fde54fa089e214b1da9e9) Importer(815301076,1909f56bfc062723c751e8b465ee728b)  -> (artifact id: '1e8c2810961286ca5cb62d805eb0145a') in 0.011930 seconds
  Import took 0.015220 seconds .

========================================================================
Received Prepare
Registering precompiled user dll's ...
Registered in 0.000518 seconds.
Begin MonoManager ReloadAssembly
Native extension for WindowsStandalone target not found
Native extension for WebGL target not found
Refreshing native plugins compatible for Editor in 0.19 ms, found 0 plugins.
Preloading 0 native plugins for Editor in 0.00 ms.
Mono: successfully reloaded assembly
- Completed reload, in  0.678 seconds
Platform modules already initialized, skipping
Refreshing native plugins compatible for Editor in 0.23 ms, found 0 plugins.
Preloading 0 native plugins for Editor in 0.00 ms.
Unloading 1116 Unused Serialized files (Serialized files now loaded: 0)
System memory in use before: 82.6 MB.
System memory in use after: 82.7 MB.

Unloading 4 unused Assets to reduce memory usage. Loaded Objects now: 1680.
Total: 1.687400 ms (FindLiveObjects: 0.125400 ms CreateObjectMapping: 0.027400 ms MarkObjects: 1.522000 ms  DeleteObjects: 0.011900 ms)

========================================================================
Received Prepare
Registering precompiled user dll's ...
Registered in 0.000469 seconds.
Begin MonoManager ReloadAssembly
Native extension for WindowsStandalone target not found
Native extension for WebGL target not found
Refreshing native plugins compatible for Editor in 0.18 ms, found 0 plugins.
Preloading 0 native plugins for Editor in 0.00 ms.
Mono: successfully reloaded assembly
- Completed reload, in  0.781 seconds
Platform modules already initialized, skipping
Refreshing native plugins compatible for Editor in 0.24 ms, found 0 plugins.
Preloading 0 native plugins for Editor in 0.00 ms.
Unloading 1116 Unused Serialized files (Serialized files now loaded: 0)
System memory in use before: 82.6 MB.
System memory in use after: 82.7 MB.

Unloading 4 unused Assets to reduce memory usage. Loaded Objects now: 1683.
Total: 1.712500 ms (FindLiveObjects: 0.129300 ms CreateObjectMapping: 0.028500 ms MarkObjects: 1.541500 ms  DeleteObjects: 0.012200 ms)

========================================================================
Received Prepare
Registering precompiled user dll's ...
Registered in 0.000426 seconds.
Begin MonoManager ReloadAssembly
Native extension for WindowsStandalone target not found
Native extension for WebGL target not found
Refreshing native plugins compatible for Editor in 0.18 ms, found 0 plugins.
Preloading 0 native plugins for Editor in 0.00 ms.
Mono: successfully reloaded assembly
- Completed reload, in  0.706 seconds
Platform modules already initialized, skipping
Refreshing native plugins compatible for Editor in 0.24 ms, found 0 plugins.
Preloading 0 native plugins for Editor in 0.00 ms.
Unloading 1116 Unused Serialized files (Serialized files now loaded: 0)
System memory in use before: 82.7 MB.
System memory in use after: 82.8 MB.

Unloading 4 unused Assets to reduce memory usage. Loaded Objects now: 1686.
Total: 1.657400 ms (FindLiveObjects: 0.126600 ms CreateObjectMapping: 0.027200 ms MarkObjects: 1.491000 ms  DeleteObjects: 0.011800 ms)

========================================================================
Received Prepare
Registering precompiled user dll's ...
Registered in 0.002008 seconds.
Begin MonoManager ReloadAssembly
Native extension for WindowsStandalone target not found
Native extension for WebGL target not found
Refreshing native plugins compatible for Editor in 0.22 ms, found 0 plugins.
Preloading 0 native plugins for Editor in 0.00 ms.
Mono: successfully reloaded assembly
- Completed reload, in  0.931 seconds
Platform modules already initialized, skipping
Refreshing native plugins compatible for Editor in 0.22 ms, found 0 plugins.
Preloading 0 native plugins for Editor in 0.00 ms.
Unloading 1116 Unused Serialized files (Serialized files now loaded: 0)
System memory in use before: 82.7 MB.
System memory in use after: 82.8 MB.

Unloading 4 unused Assets to reduce memory usage. Loaded Objects now: 1689.
Total: 2.062900 ms (FindLiveObjects: 0.200900 ms CreateObjectMapping: 0.050100 ms MarkObjects: 1.794100 ms  DeleteObjects: 0.016400 ms)

========================================================================
Received Prepare
Registering precompiled user dll's ...
Registered in 0.000540 seconds.
Begin MonoManager ReloadAssembly
Native extension for WindowsStandalone target not found
Native extension for WebGL target not found
Refreshing native plugins compatible for Editor in 0.20 ms, found 0 plugins.
Preloading 0 native plugins for Editor in 0.00 ms.
Mono: successfully reloaded assembly
- Completed reload, in  0.763 seconds
Platform modules already initialized, skipping
Refreshing native plugins compatible for Editor in 0.27 ms, found 0 plugins.
Preloading 0 native plugins for Editor in 0.00 ms.
Unloading 1116 Unused Serialized files (Serialized files now loaded: 0)
System memory in use before: 82.7 MB.
System memory in use after: 82.8 MB.

Unloading 4 unused Assets to reduce memory usage. Loaded Objects now: 1692.
Total: 1.773500 ms (FindLiveObjects: 0.128800 ms CreateObjectMapping: 0.028400 ms MarkObjects: 1.602600 ms  DeleteObjects: 0.012800 ms)

AssetImportWorkerClient::OnTransportError - code=2 error=End of file
